--- 로그 기록 시작: 2025-12-31 13:16:14 ---
--- 로그 폴더 및 system.log 생성 완료 ---
[2025-12-31] 사용자: 우리 대화내용도 좀 저장 해조
[2025-12-31] 어시스턴트: 대화 및 작업 내역을 activity.log에 기록하기 시작함.
[2025-12-31] 사용자: 모든 로그는 ./logs 폴더 에 넣어조
[2025-12-31] 어시스턴트: activity.log를 ./logs 폴더로 이동하고 로그 경로 설정을 업데이트함.
[2025-12-31 13:23:54] 사용자: 로그 저장시 시분초 까지 입력해조
[2025-12-31 13:23:54] 어시스턴트: 로그 타임스탬프 포맷을 시분초 포함으로 변경함.
[2025-12-31 13:24:46] 사용자: activity 와 system 로그 의 차이가 뭐야?
[2025-12-31 13:24:49] 어시스턴트: activity.log와 system.log의 차이점에 대해 설명함.
[2025-12-31 13:25:00] 사용자: System: Please continue.
[2025-12-31 13:25:08] 어시스턴트: 프로젝트 구조 파악 완료 및 다음 단계 제안(진행 상태 표시 도입, GitHub Action 고도화, 실행 테스트).
[2025-12-31 13:25:52] 어시스턴트: 테스트 실행을 위해 Models 디렉토리 구조 확인 시작.
[2025-12-31 13:29:24] 사용자: 변환 파일 삭제 해조
[2025-12-31 13:30:30] 사용자: 아니 앞자리 3개 만 숫자인것만
[2025-12-31 13:30:30] 어시스턴트: output 폴더에서 숫자 3개로 시작하는 파일들을 삭제함.
[2025-12-31 13:31:17] 사용자: 변호나 할때 파일명이 모델-앨범-파일명 이렇게 해야하자나
[2025-12-31 13:31:40] 어시스턴트: optimize_4k.py 파일명 생성 로직 수정 (Models 폴더 기준 경로 유지).
[2025-12-31 13:33:08] 어시스턴트: 수정된 로직 검증을 위해 Naksu 이미지 재변환 실행.
[2025-12-31 13:38:12] 어시스턴트: 파일명이 숫자인 경우에만 모델-앨범 접두사를 붙이도록 로직 수정.
[2025-12-31 13:38:52] 사용자: tqdm 추가 개발해조
[2025-12-31 13:38:52] 어시스턴트: tqdm 설치 및 코드 적용 시작.
[2025-12-31 13:39:17] 어시스턴트: tqdm 진행 바 기능 추가 및 자동 설치 로직 구현 완료.
[2025-12-31 13:39:20] 어시스턴트: TODO.md 업데이트 (tqdm 완료).
[2025-12-31 13:41:03] 사용자: Naksu/20250321-max 폴더 로 테스트 해조
[2025-12-31 13:41:03] 어시스턴트: Naksu/20250321-max 폴더 대상 테스트 실행 중.
[2025-12-31 13:42:55] 사용자: CHANGELOG 추가해주고 1.2.0 으로 버전업 하고 github releases 해조
[2025-12-31 13:43:03] 어시스턴트: optimize_4k.py에 버전 1.2.0 명시.
[2025-12-31 13:43:09] 어시스턴트: CHANGELOG.md 1.2.0 버전 내역 추가.
[2025-12-31 13:47:11] 어시스턴트: logs/ 폴더 gitignore 추가 및 커밋 준비.
